{
  "stats": {
    "suites": 1,
    "tests": 2,
    "passes": 1,
    "pending": 0,
    "failures": 1,
    "start": "2025-08-10T23:21:11.972Z",
    "end": "2025-08-10T23:23:01.514Z",
    "duration": 109542,
    "testsRegistered": 2,
    "passPercent": 50,
    "pendingPercent": 0,
    "other": 0,
    "hasOther": false,
    "skipped": 0,
    "hasSkipped": false
  },
  "results": [
    {
      "uuid": "449ea4ef-a436-4e57-b046-0901c206820b",
      "title": "",
      "fullFile": "cypress\\e2e\\auth\\Login.cy.js",
      "file": "cypress\\e2e\\auth\\Login.cy.js",
      "beforeHooks": [],
      "afterHooks": [],
      "tests": [],
      "suites": [
        {
          "uuid": "9b1f4872-5c3c-4891-b7a2-cf620b32a6b8",
          "title": "Login",
          "fullFile": "",
          "file": "",
          "beforeHooks": [],
          "afterHooks": [],
          "tests": [
            {
              "title": "Debería iniciar sesión exitosamente",
              "fullTitle": "Login Debería iniciar sesión exitosamente",
              "timedOut": null,
              "duration": 37219,
              "state": "passed",
              "speed": "slow",
              "pass": true,
              "fail": false,
              "pending": false,
              "context": "{\n  \"title\": \"cypress-mochawesome-reporter-videos-passed\",\n  \"value\": \"cypress\\\\e2e\\\\auth\\\\Login.cy.js\"\n}",
              "code": "// Datos de prueba\nconst email = Cypress.env('email');\nconst password = Cypress.env('password');\nloginPage.login(email, password);\ncy.url().should('not.include', '/signin');\n// Verificar que el dashboard sea visible\ncy.get(loginPage.elements.dashboard).should('be.visible').should('exist');",
              "err": {},
              "uuid": "620d3a47-080a-4206-8ad7-eacb7a621b90",
              "parentUUID": "9b1f4872-5c3c-4891-b7a2-cf620b32a6b8",
              "isHook": false,
              "skipped": false
            },
            {
              "title": "Debería mostrar error con credenciales inválidas",
              "fullTitle": "Login Debería mostrar error con credenciales inválidas",
              "timedOut": null,
              "duration": 70689,
              "state": "failed",
              "speed": null,
              "pass": false,
              "fail": true,
              "pending": false,
              "context": "[\n  {\n    \"title\": \"cypress-mochawesome-reporter-videos-failed\",\n    \"value\": \"cypress\\\\e2e\\\\auth\\\\Login.cy.js\"\n  },\n  {\n    \"title\": \"cypress-mochawesome-reporter-screenshots\",\n    \"value\": [\n      [\n        \"\\\\auth\\\\Login.cy.js\\\\Login -- Debería mostrar error con credenciales inválidas (failed).png\"\n      ]\n    ]\n  }\n]",
              "code": "const email = Cypress.env('email');\nconst password = 'contrasena_invalida';\nloginPage.login(email, password);\n// Mensaje de error alerta credenciales invalidas\ncy.get('#notistack-snackbar').should('be.visible').and('contain', 'Usuario o clave no válida');",
              "err": {
                "message": "AssertionError: Timed out retrying after 60000ms: expected 'https://one.fracttal.com/signin' to not include '/signin'",
                "estack": "AssertionError: Timed out retrying after 60000ms: expected 'https://one.fracttal.com/signin' to not include '/signin'\n    at LoginPage.login (webpack://reto_fracttal/./cypress/e2e/pages/loginPage.js:53:39)\n    at Context.eval (webpack://reto_fracttal/./cypress/e2e/auth/Login.cy.js:21:18)",
                "diff": null
              },
              "uuid": "81d42f2f-2425-48fa-8a1c-afaa56da75b1",
              "parentUUID": "9b1f4872-5c3c-4891-b7a2-cf620b32a6b8",
              "isHook": false,
              "skipped": false
            }
          ],
          "suites": [],
          "passes": [
            "620d3a47-080a-4206-8ad7-eacb7a621b90"
          ],
          "failures": [
            "81d42f2f-2425-48fa-8a1c-afaa56da75b1"
          ],
          "pending": [],
          "skipped": [],
          "duration": 107908,
          "root": false,
          "rootEmpty": false,
          "_timeout": 2000
        }
      ],
      "passes": [],
      "failures": [],
      "pending": [],
      "skipped": [],
      "duration": 0,
      "root": true,
      "rootEmpty": true,
      "_timeout": 2000
    }
  ],
  "meta": {
    "mocha": {
      "version": "7.2.0"
    },
    "mochawesome": {
      "options": {
        "quiet": false,
        "reportFilename": "reporte-fracttal-[datetime]",
        "saveHtml": false,
        "saveJson": true,
        "consoleReporter": "spec",
        "useInlineDiffs": false,
        "code": true
      },
      "version": "7.1.3"
    },
    "marge": {
      "options": {
        "reportDir": "cypress\\reports\\.jsons",
        "charts": true,
        "reportPageTitle": "Reporte de Pruebas Fracttal",
        "embeddedScreenshots": true,
        "inlineAssets": true,
        "saveAllAttempts": false,
        "reportFilename": "reporte-fracttal-[datetime]",
        "timestamp": "longDate",
        "showPassed": true,
        "showFailed": true,
        "showPending": true,
        "showSkipped": true,
        "overwrite": false,
        "html": false,
        "json": true
      },
      "version": "6.2.0"
    }
  }
}